{
  "Cucumber Features": {
    "coverage": {
      "/home/ec2-user/environment/hw-acceptance-unit-test-cycle/rottenpotatoes/app/models/movie.rb": {
        "lines": [
          1,
          1,
          9,
          9,
          null,
          1,
          2,
          null,
          1,
          0,
          null,
          null,
          null,
          null,
          1,
          2,
          2,
          1,
          null,
          null,
          null
        ]
      },
      "/home/ec2-user/environment/hw-acceptance-unit-test-cycle/rottenpotatoes/app/controllers/movies_controller.rb": {
        "lines": [
          1,
          null,
          1,
          4,
          4,
          null,
          null,
          null,
          null,
          1,
          null,
          null,
          null,
          null,
          9,
          null,
          null,
          null,
          null,
          null,
          null,
          null,
          null,
          null,
          null,
          null,
          null,
          null,
          null,
          9,
          9,
          9,
          null,
          2,
          2,
          7,
          null,
          0,
          null,
          0,
          0,
          7,
          null,
          null,
          0,
          null,
          null,
          7,
          null,
          null,
          9,
          null,
          2,
          2,
          7,
          null,
          null,
          0,
          null,
          null,
          7,
          null,
          null,
          9,
          1,
          8,
          1,
          null,
          null,
          null,
          null,
          null,
          null,
          null,
          9,
          9,
          null,
          2,
          null,
          null,
          null,
          null,
          null,
          null,
          null,
          9,
          null,
          0,
          null,
          9,
          null,
          2,
          null,
          7,
          null,
          2,
          null,
          null,
          5,
          null,
          null,
          null,
          null,
          null,
          null,
          null,
          null,
          null,
          null,
          null,
          null,
          null,
          null,
          null,
          null,
          1,
          null,
          null,
          null,
          null,
          null,
          1,
          0,
          0,
          0,
          null,
          null,
          1,
          1,
          null,
          null,
          1,
          1,
          1,
          1,
          1,
          null,
          null,
          1,
          0,
          0,
          0,
          0,
          null,
          null,
          1,
          2,
          null,
          2,
          1,
          null,
          2,
          null,
          null,
          null,
          null,
          1,
          null,
          null,
          1,
          1,
          null,
          null
        ]
      },
      "/home/ec2-user/environment/hw-acceptance-unit-test-cycle/rottenpotatoes/app/controllers/application_controller.rb": {
        "lines": [
          1,
          null,
          null,
          1,
          null
        ]
      },
      "/home/ec2-user/environment/hw-acceptance-unit-test-cycle/rottenpotatoes/app/helpers/application_helper.rb": {
        "lines": [
          1,
          null
        ]
      },
      "/home/ec2-user/environment/hw-acceptance-unit-test-cycle/rottenpotatoes/app/helpers/movies_helper.rb": {
        "lines": [
          1,
          null,
          null,
          null,
          null,
          null
        ]
      }
    },
    "timestamp": 1615754899
  },
  "RSpec": {
    "coverage": {
      "/home/ec2-user/environment/hw-acceptance-unit-test-cycle/rottenpotatoes/app/controllers/movies_controller.rb": {
        "lines": [
          1,
          null,
          1,
          2,
          2,
          null,
          null,
          null,
          null,
          1,
          null,
          null,
          null,
          null,
          7,
          null,
          null,
          null,
          null,
          null,
          null,
          null,
          null,
          null,
          null,
          null,
          null,
          null,
          null,
          7,
          7,
          7,
          null,
          2,
          2,
          5,
          null,
          1,
          null,
          1,
          1,
          4,
          null,
          null,
          0,
          null,
          null,
          4,
          null,
          null,
          7,
          null,
          3,
          3,
          4,
          null,
          null,
          0,
          null,
          null,
          4,
          null,
          null,
          7,
          2,
          5,
          1,
          null,
          null,
          null,
          null,
          null,
          null,
          null,
          7,
          7,
          null,
          2,
          null,
          null,
          null,
          null,
          null,
          null,
          null,
          7,
          null,
          1,
          null,
          6,
          null,
          1,
          null,
          5,
          null,
          2,
          null,
          null,
          3,
          null,
          null,
          null,
          null,
          null,
          null,
          null,
          null,
          null,
          null,
          null,
          null,
          null,
          null,
          null,
          null,
          1,
          null,
          null,
          null,
          null,
          null,
          1,
          2,
          2,
          2,
          null,
          null,
          1,
          2,
          null,
          null,
          1,
          2,
          2,
          2,
          2,
          null,
          null,
          1,
          2,
          2,
          2,
          2,
          null,
          null,
          1,
          3,
          null,
          3,
          2,
          null,
          3,
          null,
          null,
          null,
          null,
          1,
          null,
          null,
          1,
          4,
          null,
          null
        ]
      },
      "/home/ec2-user/environment/hw-acceptance-unit-test-cycle/rottenpotatoes/app/controllers/application_controller.rb": {
        "lines": [
          1,
          null,
          null,
          1,
          null
        ]
      },
      "/home/ec2-user/environment/hw-acceptance-unit-test-cycle/rottenpotatoes/app/models/movie.rb": {
        "lines": [
          1,
          1,
          8,
          8,
          null,
          1,
          2,
          null,
          1,
          2,
          null,
          null,
          null,
          null,
          1,
          4,
          4,
          3,
          null,
          null,
          null
        ]
      },
      "/home/ec2-user/environment/hw-acceptance-unit-test-cycle/rottenpotatoes/app/helpers/application_helper.rb": {
        "lines": [
          0,
          0
        ],
        "branches": {
        }
      },
      "/home/ec2-user/environment/hw-acceptance-unit-test-cycle/rottenpotatoes/app/helpers/movies_helper.rb": {
        "lines": [
          0,
          null,
          null,
          null,
          null,
          0
        ],
        "branches": {
        }
      }
    },
    "timestamp": 1615756498
  }
}
